<?xml version="1.0" encoding="UTF-8"?>
<!-- Generated by org.testng.reporters.JUnitReportReporter -->
<testsuite skipped="0" hostname="macs-MacBook-Pro.local" name="TestCases.TestClass" tests="2" failures="0" timestamp="2021-09-02T01:26:26 PKT" time="10.055" errors="0">
  <testcase name="googleTest" time="5.544" classname="TestCases.TestClass"/>
  <system-out/>
  <testcase name="facebookTest" time="4.511" classname="TestCases.TestClass"/>
  <system-out/>
</testsuite> <!-- TestCases.TestClass -->
